Replacing 10 words in each example
run on UCLMR model on synonyms with timestamp 10?



Scores on the original set
-------------------------------------------------------------
|           |   agree   | disagree  |  discuss  | unrelated |
-------------------------------------------------------------
|   agree   |    793    |    10     |    939    |    130    |
-------------------------------------------------------------
| disagree  |    158    |    49     |    327    |    135    |
-------------------------------------------------------------
|  discuss  |    500    |    43     |   3633    |    283    |
-------------------------------------------------------------
| unrelated |     0     |     0     |     0     |     0     |
-------------------------------------------------------------
Score: 4969.25 out of 7000.0	(70.98928571428571%)
Scores on the transformed set
-------------------------------------------------------------
|           |   agree   | disagree  |  discuss  | unrelated |
-------------------------------------------------------------
|   agree   |    730    |    11     |    899    |    232    |
-------------------------------------------------------------
| disagree  |    144    |    26     |    298    |    201    |
-------------------------------------------------------------
|  discuss  |    500    |    40     |   3386    |    533    |
-------------------------------------------------------------
| unrelated |     0     |     0     |     0     |     0     |
-------------------------------------------------------------
Score: 4615.0 out of 7000.0	(65.92857142857143%)


	Baseline model performance:
Scores on the original set
-------------------------------------------------------------
|           |   agree   | disagree  |  discuss  | unrelated |
-------------------------------------------------------------
|   agree   |    173    |    10     |   1435    |    285    |
-------------------------------------------------------------
| disagree  |    39     |     7     |    413    |    238    |
-------------------------------------------------------------
|  discuss  |    221    |     7     |   3556    |    680    |
-------------------------------------------------------------
| unrelated |     0     |     0     |     0     |     0     |
-------------------------------------------------------------
Score: 4267.25 out of 7064.0	(60.40840883352208%)

Scores on the transformed set
-------------------------------------------------------------
|           |   agree   | disagree  |  discuss  | unrelated |
-------------------------------------------------------------
|   agree   |    80     |    11     |   1292    |    489    |
-------------------------------------------------------------
| disagree  |    20     |     1     |    323    |    325    |
-------------------------------------------------------------
|  discuss  |    186    |    11     |   3009    |   1253    |
-------------------------------------------------------------
| unrelated |     0     |     0     |     0     |     0     |
-------------------------------------------------------------
Score: 3550.75 out of 7000.0	(50.725%)
