Replacing 5 words in each example
run on UCLMR model on synonyms with timestamp 5?



https://transfer.sh/ITo3A/uclmr_results.zip~/fnc-adversarial
Scores on the original set

run on UCLMR model on synonyms with timestamp 5?



https://transfer.sh/m7vaY/uclmr_results.zip~/fnc-adversarial
Scores on the original set
-------------------------------------------------------------
|           |   agree   | disagree  |  discuss  | unrelated |
-------------------------------------------------------------
|   agree   |    793    |    10     |    939    |    130    |
-------------------------------------------------------------
| disagree  |    158    |    49     |    327    |    135    |
-------------------------------------------------------------
|  discuss  |    500    |    43     |   3633    |    283    |
-------------------------------------------------------------
| unrelated |     0     |     0     |     0     |     0     |
-------------------------------------------------------------
Score: 4969.25 out of 7000.0	(70.98928571428571%)
Scores on the transformed set
-------------------------------------------------------------
|           |   agree   | disagree  |  discuss  | unrelated |
-------------------------------------------------------------
|   agree   |    736    |     9     |    912    |    215    |
-------------------------------------------------------------
| disagree  |    143    |    26     |    318    |    182    |
-------------------------------------------------------------
|  discuss  |    476    |    35     |   3438    |    510    |
-------------------------------------------------------------
| unrelated |     0     |     0     |     0     |     0     |
-------------------------------------------------------------
Score: 4673.25 out of 7000.0	(66.76071428571429%)


	Baseline model performance:
Scores on the original set
-------------------------------------------------------------
|           |   agree   | disagree  |  discuss  | unrelated |
-------------------------------------------------------------
|   agree   |    173    |    10     |   1435    |    285    |
-------------------------------------------------------------
| disagree  |    39     |     7     |    413    |    238    |
-------------------------------------------------------------
|  discuss  |    221    |     7     |   3556    |    680    |
-------------------------------------------------------------
| unrelated |     0     |     0     |     0     |     0     |
-------------------------------------------------------------
Score: 4267.25 out of 7064.0	(60.40840883352208%)

Scores on the transformed set
-------------------------------------------------------------
|           |   agree   | disagree  |  discuss  | unrelated |
-------------------------------------------------------------
|   agree   |    83     |     9     |   1314    |    466    |
-------------------------------------------------------------
| disagree  |    24     |     1     |    334    |    310    |
-------------------------------------------------------------
|  discuss  |    208    |     9     |   3006    |   1236    |
-------------------------------------------------------------
| unrelated |     0     |     0     |     0     |     0     |
-------------------------------------------------------------
Score: 3564.5 out of 7000.0	(50.92142857142857%)
