Replacing 6 words in each example
run on UCLMR model on synonyms with timestamp 6?



Scores on the original set
-------------------------------------------------------------
|           |   agree   | disagree  |  discuss  | unrelated |
-------------------------------------------------------------
|   agree   |    793    |    10     |    939    |    130    |
-------------------------------------------------------------
| disagree  |    158    |    49     |    327    |    135    |
-------------------------------------------------------------
|  discuss  |    500    |    43     |   3633    |    283    |
-------------------------------------------------------------
| unrelated |     0     |     0     |     0     |     0     |
-------------------------------------------------------------
Score: 4969.25 out of 7000.0	(70.98928571428571%)
Scores on the transformed set
-------------------------------------------------------------
|           |   agree   | disagree  |  discuss  | unrelated |
-------------------------------------------------------------
|   agree   |    740    |     9     |    900    |    223    |
-------------------------------------------------------------
| disagree  |    138    |    27     |    318    |    186    |
-------------------------------------------------------------
|  discuss  |    476    |    38     |   3430    |    515    |
-------------------------------------------------------------
| unrelated |     0     |     0     |     0     |     0     |
-------------------------------------------------------------
Score: 4666.75 out of 7000.0	(66.66785714285714%)


	Baseline model performance:
Scores on the original set
-------------------------------------------------------------
|           |   agree   | disagree  |  discuss  | unrelated |
-------------------------------------------------------------
|   agree   |    173    |    10     |   1435    |    285    |
-------------------------------------------------------------
| disagree  |    39     |     7     |    413    |    238    |
-------------------------------------------------------------
|  discuss  |    221    |     7     |   3556    |    680    |
-------------------------------------------------------------
| unrelated |     0     |     0     |     0     |     0     |
-------------------------------------------------------------
Score: 4267.25 out of 7064.0	(60.40840883352208%)

Scores on the transformed set
-------------------------------------------------------------
|           |   agree   | disagree  |  discuss  | unrelated |
-------------------------------------------------------------
|   agree   |    83     |    10     |   1303    |    476    |
-------------------------------------------------------------
| disagree  |    23     |     1     |    327    |    318    |
-------------------------------------------------------------
|  discuss  |    204    |     9     |   3004    |   1242    |
-------------------------------------------------------------
| unrelated |     0     |     0     |     0     |     0     |
-------------------------------------------------------------
Score: 3557.0 out of 7000.0	(50.81428571428572%)
