Replacing 7 words in each example
run on UCLMR model on synonyms with timestamp 7?



Scores on the original set
-------------------------------------------------------------
|           |   agree   | disagree  |  discuss  | unrelated |
-------------------------------------------------------------
|   agree   |    793    |    10     |    939    |    130    |
-------------------------------------------------------------
| disagree  |    158    |    49     |    327    |    135    |
-------------------------------------------------------------
|  discuss  |    500    |    43     |   3633    |    283    |
-------------------------------------------------------------
| unrelated |     0     |     0     |     0     |     0     |
-------------------------------------------------------------
Score: 4969.25 out of 7000.0	(70.98928571428571%)
Scores on the transformed set
-------------------------------------------------------------
|           |   agree   | disagree  |  discuss  | unrelated |
-------------------------------------------------------------
|   agree   |    733    |     9     |    910    |    220    |
-------------------------------------------------------------
| disagree  |    138    |    28     |    312    |    191    |
-------------------------------------------------------------
|  discuss  |    490    |    36     |   3414    |    519    |
-------------------------------------------------------------
| unrelated |     0     |     0     |     0     |     0     |
-------------------------------------------------------------
Score: 4648.75 out of 7000.0	(66.41071428571429%)


	Baseline model performance:
Scores on the original set
-------------------------------------------------------------
|           |   agree   | disagree  |  discuss  | unrelated |
-------------------------------------------------------------
|   agree   |    173    |    10     |   1435    |    285    |
-------------------------------------------------------------
| disagree  |    39     |     7     |    413    |    238    |
-------------------------------------------------------------
|  discuss  |    221    |     7     |   3556    |    680    |
-------------------------------------------------------------
| unrelated |     0     |     0     |     0     |     0     |
-------------------------------------------------------------
Score: 4267.25 out of 7064.0	(60.40840883352208%)

Scores on the transformed set
-------------------------------------------------------------
|           |   agree   | disagree  |  discuss  | unrelated |
-------------------------------------------------------------
|   agree   |    83     |     9     |   1302    |    478    |
-------------------------------------------------------------
| disagree  |    22     |     1     |    324    |    322    |
-------------------------------------------------------------
|  discuss  |    192    |    11     |   3016    |   1240    |
-------------------------------------------------------------
| unrelated |     0     |     0     |     0     |     0     |
-------------------------------------------------------------
Score: 3565.0 out of 7000.0	(50.92857142857143%)
