Replacing 9 words in each example
run on UCLMR model on synonyms with timestamp 9?



https://transfer.sh/Ic93P/uclmr_results.zip~/fnc-adversarial
Scores on the original set
-------------------------------------------------------------
|           |   agree   | disagree  |  discuss  | unrelated |
-------------------------------------------------------------
|   agree   |    793    |    10     |    939    |    130    |
-------------------------------------------------------------
| disagree  |    158    |    49     |    327    |    135    |
-------------------------------------------------------------
|  discuss  |    500    |    43     |   3633    |    283    |
-------------------------------------------------------------
| unrelated |     0     |     0     |     0     |     0     |
-------------------------------------------------------------
Score: 4969.25 out of 7000.0	(70.98928571428571%)
Scores on the transformed set
-------------------------------------------------------------
|           |   agree   | disagree  |  discuss  | unrelated |
-------------------------------------------------------------
|   agree   |    735    |    11     |    899    |    227    |
-------------------------------------------------------------
| disagree  |    140    |    27     |    301    |    201    |
-------------------------------------------------------------
|  discuss  |    496    |    40     |   3393    |    530    |
-------------------------------------------------------------
| unrelated |     0     |     0     |     0     |     0     |
-------------------------------------------------------------
Score: 4626.75 out of 7000.0	(66.09642857142858%)


	Baseline model performance:
Scores on the original set
-------------------------------------------------------------
|           |   agree   | disagree  |  discuss  | unrelated |
-------------------------------------------------------------
|   agree   |    173    |    10     |   1435    |    285    |
-------------------------------------------------------------
| disagree  |    39     |     7     |    413    |    238    |
-------------------------------------------------------------
|  discuss  |    221    |     7     |   3556    |    680    |
-------------------------------------------------------------
| unrelated |     0     |     0     |     0     |     0     |
-------------------------------------------------------------
Score: 4267.25 out of 7064.0	(60.40840883352208%)

Scores on the transformed set
-------------------------------------------------------------
|           |   agree   | disagree  |  discuss  | unrelated |
-------------------------------------------------------------
|   agree   |    82     |    11     |   1291    |    488    |
-------------------------------------------------------------
| disagree  |    21     |     1     |    323    |    324    |
-------------------------------------------------------------
|  discuss  |    183    |    11     |   3013    |   1252    |
-------------------------------------------------------------
| unrelated |     0     |     0     |     0     |     0     |
-------------------------------------------------------------
Score: 3556.0 out of 7000.0	(50.8%)
